  bullet.cpp
  enemy.cpp
  game.cpp
C:\Users\Admin\Desktop\3190156_3190021\Game\shield.h(45,12): warning C4244: '=': conversion from 'float' to 'int', possible loss of data
C:\Users\Admin\Desktop\3190156_3190021\Game\game.cpp(180,20): warning C4244: 'argument': conversion from 'int' to 'float', possible loss of data
C:\Users\Admin\Desktop\3190156_3190021\Game\game.cpp(182,20): warning C4244: 'argument': conversion from 'int' to 'float', possible loss of data
C:\Users\Admin\Desktop\3190156_3190021\Game\game.cpp(184,20): warning C4244: 'argument': conversion from 'int' to 'float', possible loss of data
C:\Users\Admin\Desktop\3190156_3190021\Game\game.cpp(186,20): warning C4244: 'argument': conversion from 'int' to 'float', possible loss of data
C:\Users\Admin\Desktop\3190156_3190021\Game\game.cpp(252,29): warning C4244: 'argument': conversion from 'int' to 'float', possible loss of data
C:\Users\Admin\Desktop\3190156_3190021\Game\game.cpp(261,28): warning C4244: 'argument': conversion from 'int' to 'float', possible loss of data
C:\Users\Admin\Desktop\3190156_3190021\Game\game.cpp(270,29): warning C4244: 'argument': conversion from 'int' to 'float', possible loss of data
C:\Users\Admin\Desktop\3190156_3190021\Game\game.cpp(279,29): warning C4244: 'argument': conversion from 'int' to 'float', possible loss of data
C:\Users\Admin\Desktop\3190156_3190021\Game\game.cpp(288,29): warning C4244: 'argument': conversion from 'int' to 'float', possible loss of data
C:\Users\Admin\Desktop\3190156_3190021\Game\game.cpp(503,18): warning C4244: 'argument': conversion from 'int' to 'float', possible loss of data
C:\Users\Admin\Desktop\3190156_3190021\Game\game.cpp(510,21): warning C4553: '==': result of expression not used; did you intend '='?
C:\Users\Admin\Desktop\3190156_3190021\Game\game.cpp(518,18): warning C4244: 'argument': conversion from 'int' to 'float', possible loss of data
C:\Users\Admin\Desktop\3190156_3190021\Game\game.cpp(525,21): warning C4553: '==': result of expression not used; did you intend '='?
C:\Users\Admin\Desktop\3190156_3190021\Game\game.cpp(534,18): warning C4244: 'argument': conversion from 'int' to 'float', possible loss of data
C:\Users\Admin\Desktop\3190156_3190021\Game\game.cpp(541,21): warning C4553: '==': result of expression not used; did you intend '='?
C:\Users\Admin\Desktop\3190156_3190021\Game\game.cpp(549,18): warning C4244: 'argument': conversion from 'int' to 'float', possible loss of data
C:\Users\Admin\Desktop\3190156_3190021\Game\game.cpp(556,21): warning C4553: '==': result of expression not used; did you intend '='?
C:\Users\Admin\Desktop\3190156_3190021\Game\game.cpp(741,22): warning C4244: 'argument': conversion from 'int' to 'float', possible loss of data
C:\Users\Admin\Desktop\3190156_3190021\Game\game.cpp(747,25): warning C4553: '==': result of expression not used; did you intend '='?
C:\Users\Admin\Desktop\3190156_3190021\Game\game.cpp(760,22): warning C4244: 'argument': conversion from 'int' to 'float', possible loss of data
C:\Users\Admin\Desktop\3190156_3190021\Game\game.cpp(766,25): warning C4553: '==': result of expression not used; did you intend '='?
C:\Users\Admin\Desktop\3190156_3190021\Game\game.cpp(779,22): warning C4244: 'argument': conversion from 'int' to 'float', possible loss of data
C:\Users\Admin\Desktop\3190156_3190021\Game\game.cpp(785,25): warning C4553: '==': result of expression not used; did you intend '='?
C:\Users\Admin\Desktop\3190156_3190021\Game\game.cpp(798,22): warning C4244: 'argument': conversion from 'int' to 'float', possible loss of data
C:\Users\Admin\Desktop\3190156_3190021\Game\game.cpp(804,25): warning C4553: '==': result of expression not used; did you intend '='?
  main.cpp
C:\Users\Admin\Desktop\3190156_3190021\Game\shield.h(45,12): warning C4244: '=': conversion from 'float' to 'int', possible loss of data
  player.cpp
  projectile.cpp
C:\Users\Admin\Desktop\3190156_3190021\Game\shield.h(45,12): warning C4244: '=': conversion from 'float' to 'int', possible loss of data
  shield.cpp
C:\Users\Admin\Desktop\3190156_3190021\Game\shield.h(45,12): warning C4244: '=': conversion from 'float' to 'int', possible loss of data
C:\Users\Admin\Desktop\3190156_3190021\Game\shield.cpp(111,9): warning C4244: 'return': conversion from 'int' to 'float', possible loss of data
  Generating Code...
C:\Users\Admin\Desktop\3190156_3190021\Game\bullet.cpp(110): warning C4715: 'Bullet::out_of_bounds': not all control paths return a value
sggd.lib(AudioManager.obj) : warning LNK4099: PDB 'sggd.pdb' was not found with 'sggd.lib(AudioManager.obj)' or at 'C:\Users\Admin\Desktop\3190156_3190021\Game\bin\sggd.pdb'; linking object as if no debug info
sggd.lib(fonts.obj) : warning LNK4099: PDB 'sggd.pdb' was not found with 'sggd.lib(fonts.obj)' or at 'C:\Users\Admin\Desktop\3190156_3190021\Game\bin\sggd.pdb'; linking object as if no debug info
sggd.lib(GLbackend.obj) : warning LNK4099: PDB 'sggd.pdb' was not found with 'sggd.lib(GLbackend.obj)' or at 'C:\Users\Admin\Desktop\3190156_3190021\Game\bin\sggd.pdb'; linking object as if no debug info
sggd.lib(graphics.obj) : warning LNK4099: PDB 'sggd.pdb' was not found with 'sggd.lib(graphics.obj)' or at 'C:\Users\Admin\Desktop\3190156_3190021\Game\bin\sggd.pdb'; linking object as if no debug info
sggd.lib(lodepng.obj) : warning LNK4099: PDB '' was not found with 'sggd.lib(lodepng.obj)' or at ''; linking object as if no debug info
sggd.lib(shader.obj) : warning LNK4099: PDB '' was not found with 'sggd.lib(shader.obj)' or at ''; linking object as if no debug info
sggd.lib(texture.obj) : warning LNK4099: PDB '' was not found with 'sggd.lib(texture.obj)' or at ''; linking object as if no debug info
  Game.vcxproj -> C:\Users\Admin\Desktop\3190156_3190021\Game\bin\Gamed.exe
